<?xml version="1.0" encoding="UTF-8"?>
<!-- Generated by org.testng.reporters.JUnitReportReporter -->
<testsuite hostname="DESKTOP-872677A" failures="0" tests="3" name="Tutorail2.Sample2" time="0.014" errors="0" timestamp="2024-05-26T08:42:05 IST" skipped="0">
  <testcase classname="Tutorail2.Sample2" name="testCases1" time="0.011"/>
  <system-out/>
  <testcase classname="Tutorail2.Sample2" name="testCases2" time="0.001"/>
  <system-out/>
  <testcase classname="Tutorail2.Sample2" name="testCases3" time="0.002"/>
  <system-out/>
</testsuite> <!-- Tutorail2.Sample2 -->
