<?xml version="1.0" encoding="UTF-8"?>
<!-- Generated by org.testng.reporters.JUnitReportReporter -->
<testsuite hostname="DESKTOP-872677A" failures="0" tests="2" name="Tutorail2.Sample7" time="0.001" errors="0" timestamp="2024-05-27T12:45:05 IST" skipped="0">
  <testcase classname="Tutorail2.Sample7" name="s1" time="0.001"/>
  <system-out/>
  <testcase classname="Tutorail2.Sample7" name="s2" time="0.000"/>
  <system-out/>
</testsuite> <!-- Tutorail2.Sample7 -->
