<?xml version="1.0" encoding="UTF-8"?>
<!-- Generated by org.testng.reporters.JUnitReportReporter -->
<testsuite hostname="DESKTOP-872677A" failures="0" tests="2" name="TestNGASSPackage.SauceDemo" time="74.708" errors="0" timestamp="2024-05-28T11:49:36 IST" skipped="0">
  <testcase classname="TestNGASSPackage.SauceDemo" name="loginFunction" time="0.294"/>
  <system-out/>
  <testcase classname="TestNGASSPackage.SauceDemo" name="addToCart" time="74.414"/>
  <system-out/>
</testsuite> <!-- TestNGASSPackage.SauceDemo -->
