<?xml version="1.0" encoding="UTF-8"?>
<!-- Generated by org.testng.reporters.JUnitReportReporter -->
<testsuite hostname="DESKTOP-872677A" failures="0" tests="1" name="Tutoral1Package.SauceDemoParameter" time="0.231" errors="0" timestamp="2024-05-28T11:14:45 IST" skipped="0">
  <testcase classname="Tutoral1Package.SauceDemoParameter" name="loginFunction" time="0.231"/>
  <system-out/>
</testsuite> <!-- Tutoral1Package.SauceDemoParameter -->
