<?xml version="1.0" encoding="UTF-8"?>
<!-- Generated by org.testng.reporters.JUnitReportReporter -->
<testsuite hostname="DESKTOP-872677A" failures="0" tests="9" name="TestNGASSPackage.CombinedTest" time="0.020" errors="0" timestamp="2024-05-31T18:14:40 IST" skipped="5">
  <testcase classname="TestNGASSPackage.CombinedTest" name="conditionallySkippedTest" time="0.012">
    <skipped/>
  </testcase> <!-- conditionallySkippedTest -->
  <system-out/>
  <testcase classname="TestNGASSPackage.CombinedTest" name="dataProviderTest" time="0.000"/>
  <system-out/>
  <testcase classname="TestNGASSPackage.CombinedTest" name="invokedTest" time="0.000"/>
  <system-out/>
  <testcase classname="TestNGASSPackage.CombinedTest" name="invokedAndConditionalTest" time="0.000">
    <skipped/>
  </testcase> <!-- invokedAndConditionalTest -->
  <system-out/>
  <testcase classname="TestNGASSPackage.CombinedTest" name="invokedTest" time="0.002"/>
  <system-out/>
  <testcase classname="TestNGASSPackage.CombinedTest" name="invokedTest" time="0.004"/>
  <system-out/>
  <testcase classname="TestNGASSPackage.CombinedTest" name="invokedTestWithNegativeCount" time="0.001">
    <skipped/>
  </testcase> <!-- invokedTestWithNegativeCount -->
  <system-out/>
  <testcase classname="TestNGASSPackage.CombinedTest" name="dataProviderTest" time="0.001">
    <skipped/>
  </testcase> <!-- dataProviderTest -->
  <system-out/>
  <testcase classname="TestNGASSPackage.CombinedTest" name="skippedTest">
    <skipped/>
  </testcase> <!-- skippedTest -->
  <system-out/>
</testsuite> <!-- TestNGASSPackage.CombinedTest -->
