<?xml version="1.0" encoding="UTF-8"?>
<!-- Generated by org.testng.reporters.JUnitReportReporter -->
<testsuite hostname="DESKTOP-872677A" failures="0" tests="1" name="ScollUpDown.ScrollByVisibleElement" time="18.972" errors="0" timestamp="2024-06-02T23:28:58 IST" skipped="0">
  <testcase classname="ScollUpDown.ScrollByVisibleElement" name="ByVisibleElement" time="18.972"/>
  <system-out/>
</testsuite> <!-- ScollUpDown.ScrollByVisibleElement -->
