<?xml version="1.0" encoding="UTF-8"?>
<!-- Generated by org.testng.reporters.JUnitReportReporter -->
<testsuite hostname="DESKTOP-872677A" failures="0" tests="4" name="Tutoral1Package.DependsOnMethodsDemo2" time="0.009" errors="0" timestamp="2024-05-25T22:54:10 IST" skipped="0">
  <testcase classname="Tutoral1Package.DependsOnMethodsDemo2" name="login" time="0.000"/>
  <system-out/>
  <testcase classname="Tutoral1Package.DependsOnMethodsDemo2" name="home" time="0.001"/>
  <system-out/>
  <testcase classname="Tutoral1Package.DependsOnMethodsDemo2" name="profile" time="0.001"/>
  <system-out/>
  <testcase classname="Tutoral1Package.DependsOnMethodsDemo2" name="pqr" time="0.007"/>
  <system-out/>
</testsuite> <!-- Tutoral1Package.DependsOnMethodsDemo2 -->
