<?xml version="1.0" encoding="UTF-8"?>
<!-- Generated by org.testng.reporters.JUnitReportReporter -->
<testsuite hostname="DESKTOP-872677A" failures="0" tests="3" name="TestNGPackage.Demo1" time="0.010" errors="0" timestamp="2024-05-25T17:09:54 IST" skipped="0">
  <testcase classname="TestNGPackage.Demo1" name="pqr" time="0.000"/>
  <system-out/>
  <testcase classname="TestNGPackage.Demo1" name="loginfunction" time="0.009"/>
  <system-out/>
  <testcase classname="TestNGPackage.Demo1" name="registerFunction" time="0.001"/>
  <system-out/>
</testsuite> <!-- TestNGPackage.Demo1 -->
