<?xml version="1.0" encoding="UTF-8"?>
<!-- Generated by org.testng.reporters.JUnitReportReporter -->
<testsuite hostname="DESKTOP-872677A" failures="0" tests="9" name="TestNgDataDriver.OrangeSample1" time="51.385" errors="0" timestamp="2024-06-13T11:49:26 IST" skipped="0">
  <testcase classname="TestNgDataDriver.OrangeSample1" name="loginFunctionality" time="2.353"/>
  <system-out/>
  <testcase classname="TestNgDataDriver.OrangeSample1" name="validateHomePageTitle" time="0.025"/>
  <system-out/>
  <testcase classname="TestNgDataDriver.OrangeSample1" name="validateHomePageUrl" time="0.023"/>
  <system-out/>
  <testcase classname="TestNgDataDriver.OrangeSample1" name="validatePIMPage" time="2.555"/>
  <system-out/>
  <testcase classname="TestNgDataDriver.OrangeSample1" name="createEmployee" time="11.096"/>
  <system-out/>
  <testcase classname="TestNgDataDriver.OrangeSample1" name="createEmployee" time="11.068"/>
  <system-out/>
  <testcase classname="TestNgDataDriver.OrangeSample1" name="createEmployee" time="11.430"/>
  <system-out/>
  <testcase classname="TestNgDataDriver.OrangeSample1" name="createEmployee" time="11.155"/>
  <system-out/>
  <testcase classname="TestNgDataDriver.OrangeSample1" name="logout" time="1.680"/>
  <system-out/>
</testsuite> <!-- TestNgDataDriver.OrangeSample1 -->
