<?xml version="1.0" encoding="UTF-8"?>
<!-- Generated by org.testng.reporters.JUnitReportReporter -->
<testsuite hostname="DESKTOP-872677A" failures="0" tests="3" name="Tutoral1Package.Demo1" time="0.013" errors="0" timestamp="2024-05-25T21:27:25 IST" skipped="0">
  <testcase classname="Tutoral1Package.Demo1" name="abc" time="0.011"/>
  <system-out/>
  <testcase classname="Tutoral1Package.Demo1" name="xyz" time="0.001"/>
  <system-out/>
  <testcase classname="Tutoral1Package.Demo1" name="pqr" time="0.001"/>
  <system-out/>
</testsuite> <!-- Tutoral1Package.Demo1 -->
