<?xml version="1.0" encoding="UTF-8"?>
<!-- Generated by org.testng.reporters.JUnitReportReporter -->
<testsuite hostname="DESKTOP-872677A" failures="0" tests="2" name="Tutoral1Package.IgnoreTestCase" time="0.008" errors="0" timestamp="2024-05-27T12:21:32 IST" skipped="0">
  <testcase classname="Tutoral1Package.IgnoreTestCase" name="testCases3" time="0.001"/>
  <system-out/>
  <testcase classname="Tutoral1Package.IgnoreTestCase" name="testCases1" time="0.007"/>
  <system-out/>
</testsuite> <!-- Tutoral1Package.IgnoreTestCase -->
