<?xml version="1.0" encoding="UTF-8"?>
<!-- Generated by org.testng.reporters.JUnitReportReporter -->
<testsuite hostname="DESKTOP-872677A" failures="0" tests="3" name="TestNGgroups.Sample1" time="0.016" errors="0" timestamp="2024-06-11T11:43:58 IST" skipped="0">
  <testcase classname="TestNGgroups.Sample1" name="s3" time="0.001"/>
  <system-out/>
  <testcase classname="TestNGgroups.Sample1" name="s2" time="0.001"/>
  <system-out/>
  <testcase classname="TestNGgroups.Sample1" name="s1" time="0.014"/>
  <system-out/>
</testsuite> <!-- TestNGgroups.Sample1 -->
