<?xml version="1.0" encoding="UTF-8"?>
<!-- Generated by org.testng.reporters.JUnitReportReporter -->
<testsuite hostname="DESKTOP-872677A" failures="0" tests="4" name="Tutoral1Package.Sample3" time="0.016" errors="0" timestamp="2024-05-25T21:56:39 IST" skipped="0">
  <testcase classname="Tutoral1Package.Sample3" name="abc" time="0.012"/>
  <system-out/>
  <testcase classname="Tutoral1Package.Sample3" name="pqr" time="0.001"/>
  <system-out/>
  <testcase classname="Tutoral1Package.Sample3" name="lmn" time="0.001"/>
  <system-out/>
  <testcase classname="Tutoral1Package.Sample3" name="xyz" time="0.002"/>
  <system-out/>
</testsuite> <!-- Tutoral1Package.Sample3 -->
