<?xml version="1.0" encoding="UTF-8"?>
<!-- Generated by org.testng.reporters.JUnitReportReporter -->
<testsuite hostname="DESKTOP-872677A" failures="0" tests="2" name="Tutoral1Package.Sample7" time="20.167" errors="0" timestamp="2024-05-27T12:26:21 IST" skipped="0">
  <testcase classname="Tutoral1Package.Sample7" name="facebook" time="8.911"/>
  <system-out/>
  <testcase classname="Tutoral1Package.Sample7" name="google" time="11.256"/>
  <system-out/>
</testsuite> <!-- Tutoral1Package.Sample7 -->
