<?xml version="1.0" encoding="UTF-8"?>
<!-- Generated by org.testng.reporters.JUnitReportReporter -->
<testsuite hostname="DESKTOP-872677A" failures="0" tests="3" name="TestNGgroups.Demo1" time="0.004" errors="0" timestamp="2024-06-11T11:43:58 IST" skipped="0">
  <testcase classname="TestNGgroups.Demo1" name="d3" time="0.002"/>
  <system-out/>
  <testcase classname="TestNGgroups.Demo1" name="d1" time="0.001"/>
  <system-out/>
  <testcase classname="TestNGgroups.Demo1" name="d2" time="0.001"/>
  <system-out/>
</testsuite> <!-- TestNGgroups.Demo1 -->
