<?xml version="1.0" encoding="UTF-8"?>
<!-- Generated by org.testng.reporters.JUnitReportReporter -->
<testsuite hostname="DESKTOP-872677A" failures="0" tests="2" name="Tutorail9.Sample" time="0.011" errors="0" timestamp="2024-05-27T13:00:33 IST" skipped="0">
  <testcase classname="Tutorail9.Sample" name="s1" time="0.008"/>
  <system-out/>
  <testcase classname="Tutorail9.Sample" name="s2" time="0.003"/>
  <system-out/>
</testsuite> <!-- Tutorail9.Sample -->
