<?xml version="1.0" encoding="UTF-8"?>
<!-- Generated by org.testng.reporters.JUnitReportReporter -->
<testsuite hostname="DESKTOP-872677A" failures="0" tests="3" name="Tutorail2.Sample1" time="0.020" errors="0" timestamp="2024-05-26T08:37:48 IST" skipped="0">
  <testcase classname="Tutorail2.Sample1" name="testCases2" time="0.013"/>
  <system-out/>
  <testcase classname="Tutorail2.Sample1" name="testCases3" time="0.001"/>
  <system-out/>
  <testcase classname="Tutorail2.Sample1" name="testCases1" time="0.006"/>
  <system-out/>
</testsuite> <!-- Tutorail2.Sample1 -->
