<?xml version="1.0" encoding="UTF-8"?>
<!-- Generated by org.testng.reporters.JUnitReportReporter -->
<testsuite hostname="DESKTOP-872677A" failures="0" tests="1" name="Tutorail2.gd" time="0.008" errors="0" timestamp="2024-05-27T13:55:36 IST" skipped="0">
  <testcase classname="Tutorail2.gd" name="a1" time="0.008"/>
  <system-out/>
</testsuite> <!-- Tutorail2.gd -->
