<?xml version="1.0" encoding="UTF-8"?>
<!-- Generated by org.testng.reporters.JUnitReportReporter -->
<testsuite hostname="DESKTOP-872677A" failures="0" tests="12" name="Tutoral1Package.Sample4" time="0.032" errors="0" timestamp="2024-05-25T22:00:16 IST" skipped="0">
  <testcase classname="Tutoral1Package.Sample4" name="pxyz" time="0.010"/>
  <system-out/>
  <testcase classname="Tutoral1Package.Sample4" name="abc" time="0.001"/>
  <system-out/>
  <testcase classname="Tutoral1Package.Sample4" name="abc" time="0.001"/>
  <system-out/>
  <testcase classname="Tutoral1Package.Sample4" name="abc" time="0.000"/>
  <system-out/>
  <testcase classname="Tutoral1Package.Sample4" name="abc" time="0.001"/>
  <system-out/>
  <testcase classname="Tutoral1Package.Sample4" name="abc" time="0.001"/>
  <system-out/>
  <testcase classname="Tutoral1Package.Sample4" name="abc" time="0.001"/>
  <system-out/>
  <testcase classname="Tutoral1Package.Sample4" name="abc" time="0.001"/>
  <system-out/>
  <testcase classname="Tutoral1Package.Sample4" name="abc" time="0.002"/>
  <system-out/>
  <testcase classname="Tutoral1Package.Sample4" name="abc" time="0.001"/>
  <system-out/>
  <testcase classname="Tutoral1Package.Sample4" name="abc" time="0.011"/>
  <system-out/>
  <testcase classname="Tutoral1Package.Sample4" name="xyz" time="0.002"/>
  <system-out/>
</testsuite> <!-- Tutoral1Package.Sample4 -->
