<?xml version="1.0" encoding="UTF-8"?>
<!-- Generated by org.testng.reporters.JUnitReportReporter -->
<testsuite hostname="DESKTOP-872677A" failures="0" tests="3" name="Tutorail2.Mumbai7" time="0.001" errors="0" timestamp="2024-05-27T12:45:05 IST" skipped="0">
  <testcase classname="Tutorail2.Mumbai7" name="m1" time="0.000"/>
  <system-out/>
  <testcase classname="Tutorail2.Mumbai7" name="m3" time="0.000"/>
  <system-out/>
  <testcase classname="Tutorail2.Mumbai7" name="m2" time="0.001"/>
  <system-out/>
</testsuite> <!-- Tutorail2.Mumbai7 -->
