<?xml version="1.0" encoding="UTF-8"?>
<!-- Generated by org.testng.reporters.JUnitReportReporter -->
<testsuite hostname="DESKTOP-872677A" failures="0" tests="1" name="TestNGParallel.Demo2" time="11.757" errors="0" timestamp="2024-06-13T15:10:01 IST" skipped="0">
  <testcase classname="TestNGParallel.Demo2" name="facebookTestCase1" time="11.757"/>
  <system-out/>
</testsuite> <!-- TestNGParallel.Demo2 -->
