<?xml version="1.0" encoding="UTF-8"?>
<!-- Generated by org.testng.reporters.JUnitReportReporter -->
<testsuite hostname="DESKTOP-872677A" failures="0" tests="3" name="Tutoral1Package.DependsOnMethod" time="0.010" errors="0" timestamp="2024-05-25T22:49:10 IST" skipped="0">
  <testcase classname="Tutoral1Package.DependsOnMethod" name="pqr" time="0.008"/>
  <system-out/>
  <testcase classname="Tutoral1Package.DependsOnMethod" name="abc" time="0.001"/>
  <system-out/>
  <testcase classname="Tutoral1Package.DependsOnMethod" name="xyz" time="0.001"/>
  <system-out/>
</testsuite> <!-- Tutoral1Package.DependsOnMethod -->
