<?xml version="1.0" encoding="UTF-8"?>
<!-- Generated by org.testng.reporters.JUnitReportReporter -->
<testsuite hostname="DESKTOP-872677A" failures="0" tests="3" name="Tutorail2.Pune7" time="0.007" errors="0" timestamp="2024-05-27T12:45:05 IST" skipped="0">
  <testcase classname="Tutorail2.Pune7" name="p2" time="0.001"/>
  <system-out/>
  <testcase classname="Tutorail2.Pune7" name="p3" time="0.001"/>
  <system-out/>
  <testcase classname="Tutorail2.Pune7" name="p1" time="0.005"/>
  <system-out/>
</testsuite> <!-- Tutorail2.Pune7 -->
