<?xml version="1.0" encoding="UTF-8"?>
<!-- Generated by org.testng.reporters.JUnitReportReporter -->
<testsuite hostname="DESKTOP-872677A" failures="0" tests="3" name="TestNGgroups.Pune1" time="0.003" errors="0" timestamp="2024-06-11T11:43:58 IST" skipped="0">
  <testcase classname="TestNGgroups.Pune1" name="p3" time="0.001"/>
  <system-out/>
  <testcase classname="TestNGgroups.Pune1" name="p1" time="0.001"/>
  <system-out/>
  <testcase classname="TestNGgroups.Pune1" name="p2" time="0.001"/>
  <system-out/>
</testsuite> <!-- TestNGgroups.Pune1 -->
