<?xml version="1.0" encoding="UTF-8"?>
<!-- Generated by org.testng.reporters.JUnitReportReporter -->
<testsuite hostname="DESKTOP-872677A" failures="0" tests="2" name="TestNGParallel.Demo1" time="27.416" errors="0" timestamp="2024-06-13T14:46:14 IST" skipped="0">
  <testcase classname="TestNGParallel.Demo1" name="guru99TestCase2" time="14.560"/>
  <system-out/>
  <testcase classname="TestNGParallel.Demo1" name="facebookTestCase1" time="12.856"/>
  <system-out/>
</testsuite> <!-- TestNGParallel.Demo1 -->
