<?xml version="1.0" encoding="UTF-8"?>
<!-- Generated by org.testng.reporters.JUnitReportReporter -->
<testsuite hostname="DESKTOP-872677A" failures="0" tests="3" name="Tutoral1Package.IngnoreTestCase2" time="0.007" errors="0" timestamp="2024-05-27T12:23:05 IST" skipped="1">
  <testcase classname="Tutoral1Package.IngnoreTestCase2" name="testCases1" time="0.006"/>
  <system-out/>
  <testcase classname="Tutoral1Package.IngnoreTestCase2" name="testCases2" time="0.001"/>
  <system-out/>
  <testcase classname="Tutoral1Package.IngnoreTestCase2" name="testCases3">
    <skipped/>
  </testcase> <!-- testCases3 -->
  <system-out/>
</testsuite> <!-- Tutoral1Package.IngnoreTestCase2 -->
