<?xml version="1.0" encoding="UTF-8"?>
<!-- Generated by org.testng.reporters.JUnitReportReporter -->
<testsuite hostname="DESKTOP-872677A" failures="0" tests="2" name="Tutorail2.Pune8" time="0.006" errors="0" timestamp="2024-05-30T13:41:10 IST" skipped="0">
  <testcase classname="Tutorail2.Pune8" name="p2" time="0.001"/>
  <system-out/>
  <testcase classname="Tutorail2.Pune8" name="p1" time="0.005"/>
  <system-out/>
</testsuite> <!-- Tutorail2.Pune8 -->
